<?xml version="1.0" encoding="UTF-8"?>
<testsuite xmlns:xsi="http://www.w3.org/2001/XMLSchema-instance" xsi:noNamespaceSchemaLocation="https://maven.apache.org/surefire/maven-surefire-plugin/xsd/surefire-test-report.xsd" name="TestSuite" time="38.126" tests="1" errors="0" skipped="0" failures="1">
  <properties>
[...]
</properties>
  <testcase name="feature" classname="runner.Testrunner" time="34.879">
    <failure message="org.openqa.selenium.support.ui.UnexpectedTagNameException: Element should have been &quot;select&quot; but was &quot;input&quot;&#10;Build info: version: &apos;3.141.59&apos;, revision: &apos;e82be7d358&apos;, time: &apos;2018-11-14T08:17:03&apos;&#10;System info: host: &apos;JEEVA&apos;, ip: &apos;192.168.43.4&apos;, os.name: &apos;Windows 10&apos;, os.arch: &apos;amd64&apos;, os.version: &apos;10.0&apos;, java.version: &apos;1.8.0_251&apos;&#10;Driver info: driver.version: unknown" type="cucumber.runtime.CucumberException">cucumber.runtime.CucumberException: 
org.openqa.selenium.support.ui.UnexpectedTagNameException: Element should have been "select" but was "input"
Build info: version: '3.141.59', revision: 'e82be7d358', time: '2018-11-14T08:17:03'
System info: host: 'JEEVA', ip: '192.168.43.4', os.name: 'Windows 10', os.arch: 'amd64', os.version: '10.0', java.version: '1.8.0_251'
Driver info: driver.version: unknown
Caused by: org.openqa.selenium.support.ui.UnexpectedTagNameException: 
Element should have been "select" but was "input"
Build info: version: '3.141.59', revision: 'e82be7d358', time: '2018-11-14T08:17:03'
System info: host: 'JEEVA', ip: '192.168.43.4', os.name: 'Windows 10', os.arch: 'amd64', os.version: '10.0', java.version: '1.8.0_251'
Driver info: driver.version: unknown
</failure>
    <system-out><![CDATA[Feature: Registration process
Register

  @Scenario2
  Scenario: Registration                                                        &amp#27;[90m# test.feature:21&amp#27;[0m
    &amp#27;[32mGiven &amp#27;[0m&amp#27;[32muser on home page&amp#27;[0m                                                     &amp#27;[90m# Stepefination.urllaunch()&amp#27;[0m
    &amp#27;[32mThen &amp#27;[0m&amp#27;[32mclick on Skiplogin button&amp#27;[0m                                              &amp#27;[90m# Stepefination.skiplogin()&amp#27;[0m
    &amp#27;[32mThen &amp#27;[0m&amp#27;[32mRegistration page is displayed and validate title&amp#27;[0m                      &amp#27;[90m# Stepefination.titleverification()&amp#27;[0m
    &amp#27;[32mThen &amp#27;[0m&amp#27;[32menter the firstname as "&amp#27;[0m&amp#27;[32m&amp#27;[1mJeeva&amp#27;[0m&amp#27;[32m" and the lastname as "&amp#27;[0m&amp#27;[32m&amp#27;[1mS&amp#27;[0m&amp#27;[32m"&amp#27;[0m                 &amp#27;[90m# Stepefination.Entername(String,String)&amp#27;[0m
    &amp#27;[32mThen &amp#27;[0m&amp#27;[32menter the address as "&amp#27;[0m&amp#27;[32m&amp#27;[1mCoimbatore&amp#27;[0m&amp#27;[32m" and the email as "&amp#27;[0m&amp#27;[32m&amp#27;[1maabcd12@gmail.com&amp#27;[0m&amp#27;[32m"&amp#27;[0m &amp#27;[90m# Stepefination.address(String,String)&amp#27;[0m
    &amp#27;[32mThen &amp#27;[0m&amp#27;[32menter the phonenumber as "&amp#27;[0m&amp#27;[32m&amp#27;[1m9874563210&amp#27;[0m&amp#27;[32m"&amp#27;[0m                                  &amp#27;[90m# Stepefination.phonenumber(String)&amp#27;[0m
    &amp#27;[31mThen &amp#27;[0m&amp#27;[31mclick on the gender checkbox "&amp#27;[0m&amp#27;[31m&amp#27;[1mMale&amp#27;[0m&amp#27;[31m"&amp#27;[0m                                    &amp#27;[90m# Stepefination.gender(String)&amp#27;[0m
      &amp#27;[31morg.openqa.selenium.support.ui.UnexpectedTagNameException: Element should have been "select" but was "input"
      Build info: version: '3.141.59', revision: 'e82be7d358', time: '2018-11-14T08:17:03'
      System info: host: 'JEEVA', ip: '192.168.43.4', os.name: 'Windows 10', os.arch: 'amd64', os.version: '10.0', java.version: '1.8.0_251'
      Driver info: driver.version: unknown
      	at org.openqa.selenium.support.ui.Select.<init>(Select.java:48)
      	at pom.registration.gender(registration.java:56)
      	at stepdefination.Stepefination.gender(Stepefination.java:62)
      	at ?.Then click on the gender checkbox "Male"(test.feature:29)
      &amp#27;[0m
    &amp#27;[36mThen &amp#27;[0m&amp#27;[36mclick on the Hobbies checkbox "&amp#27;[0m&amp#27;[36m&amp#27;[1mCricket&amp#27;[0m&amp#27;[36m"&amp#27;[0m                                &amp#27;[90m# Stepefination.hobby(String)&amp#27;[0m
    &amp#27;[36mThen &amp#27;[0m&amp#27;[36mselect the language as "&amp#27;[0m&amp#27;[36m&amp#27;[1mEnglish&amp#27;[0m&amp#27;[36m"&amp#27;[0m                                       &amp#27;[90m# Stepefination.language(String)&amp#27;[0m
    &amp#27;[36mThen &amp#27;[0m&amp#27;[36mselect the Skill as "&amp#27;[0m&amp#27;[36m&amp#27;[1mC&amp#27;[0m&amp#27;[36m"&amp#27;[0m                                                &amp#27;[90m# Stepefination.skill(String)&amp#27;[0m
    &amp#27;[36mThen &amp#27;[0m&amp#27;[36mselect the country dropdown as "&amp#27;[0m&amp#27;[36m&amp#27;[1mIndia&amp#27;[0m&amp#27;[36m"&amp#27;[0m                                 &amp#27;[90m# Stepefination.country(String)&amp#27;[0m
    &amp#27;[36mThen &amp#27;[0m&amp#27;[36menter the password as "&amp#27;[0m&amp#27;[36m&amp#27;[1mtest123&amp#27;[0m&amp#27;[36m" and confirm password as "&amp#27;[0m&amp#27;[36m&amp#27;[1mtest123&amp#27;[0m&amp#27;[36m"&amp#27;[0m      &amp#27;[90m# Stepefination.password(String,String)&amp#27;[0m
    &amp#27;[36mThen &amp#27;[0m&amp#27;[36mclick on submitbutton&amp#27;[0m                                                  &amp#27;[90m# Stepefination.submit()&amp#27;[0m
]]></system-out>
    <system-err><![CDATA[Starting ChromeDriver 83.0.4103.39 (ccbf011cb2d2b19b506d844400483861342c20cd-refs/branch-heads/4103@{#416}) on port 42146
Only local connections are allowed.
Please see https://chromedriver.chromium.org/security-considerations for suggestions on keeping ChromeDriver safe.
ChromeDriver was started successfully.
Jul 07, 2020 8:33:21 AM org.openqa.selenium.remote.ProtocolHandshake createSession
INFO: Detected dialect: W3C
]]></system-err>
  </testcase>
</testsuite>